[29/03/2026 12:16:05] 
MS-7E47 (Micro-Star International Co., Ltd.)
Desktop (DESKTOP-7PT8SLU) [242863592a15b7288b1f945363f4a7f2f9bc1426]
Windows 11  (10.0.26200) 64bit
AMD Ryzen 9 9950X3D 16-Core Processor  (32 Cores, 4300hz)
NVIDIA | NVIDIA GeForce RTX 5070 (Direct3D 11.0 [level 11.1])
Shader Level: 50
Graphics Memory: 11943
System Memory: 63032
[29/03/2026 12:16:05] Singleton<ActionQueue> Created
[29/03/2026 12:16:05] Setting Loaded [ShowFps = False]
[29/03/2026 12:16:05] Singleton<Transition> Created
[29/03/2026 12:16:05] > AssetLoader Loading Resources...
[29/03/2026 12:16:05] > 3 Groups
[29/03/2026 12:16:05] > 12 Assets
[29/03/2026 12:16:05] > DONE (0ms)
[29/03/2026 12:16:05] Singleton<FloatingTextManager> Created
[29/03/2026 12:16:05] Steam Initialized oriolgomez (76561198983806636)
[29/03/2026 12:16:05] Singleton<Curves> Created
[29/03/2026 12:16:05] Setting Loaded [ScreenShake = 1]
[29/03/2026 12:16:06] Group [CardType] loaded! (9 items)
[29/03/2026 12:16:06] RELEASE = TRUE
[29/03/2026 12:16:06] Addressables Init
[29/03/2026 12:16:06] "Camera" Loaded
[29/03/2026 12:16:06] "Global" Loaded
[29/03/2026 12:16:06] Addressables Init Done
[29/03/2026 12:16:06] SceneManager → Loading Scene "Saving"
[29/03/2026 12:16:06] SceneManager → Loading Scene "Input"
[29/03/2026 12:16:06] SceneManager → Loading Scene "Systems"
[29/03/2026 12:16:06] SceneManager → Loading Scene "PauseScreen"
[29/03/2026 12:16:06] Save Profile Set: Default
[29/03/2026 12:16:06] [Save.sav] save file does not need converting
[29/03/2026 12:16:06] [Campaign.sav] save file does not need converting
[29/03/2026 12:16:06] [CampaignDemo.sav] save file does not need converting
[29/03/2026 12:16:06] [Stats.sav] save file does not need converting
[29/03/2026 12:16:06] Checking Save.sav for corrupt data...
[29/03/2026 12:16:06] Checking Campaign.sav for corrupt data...
[29/03/2026 12:16:06] Checking CampaignDemo.sav for corrupt data...
[29/03/2026 12:16:06] Checking CampaignPressDemo.sav for corrupt data...
[29/03/2026 12:16:06] Checking Battle.sav for corrupt data...
[29/03/2026 12:16:06] Checking Stats.sav for corrupt data...
[29/03/2026 12:16:06] Checking History.sav for corrupt data...
[29/03/2026 12:16:06] ~SAVE FILE CHECKER~
[29/03/2026 12:16:06] Loading [Save.sav] (unlocked)...
[29/03/2026 12:16:06] Loading Done! (0ms)
[29/03/2026 12:16:06] ControllerManager → Assigning Player 0
[29/03/2026 12:16:06] Assigning Rewired Player id 0 to Game Player 0
[29/03/2026 12:16:06] Player 0 set as lead player
[29/03/2026 12:16:06] Rewired: [Player0] controllers → Mouse, XInput Gamepad 1
[29/03/2026 12:16:06] Singleton<UINavigationSystem> Created
[29/03/2026 12:16:06] Singleton<Cursor3d> Created
[29/03/2026 12:16:06] Singleton<VirtualPointer> Created
[29/03/2026 12:16:06] Audio Settings System → Loading Banks
[29/03/2026 12:16:06] Setting Loaded [VolumeMaster = 1]
[29/03/2026 12:16:06] Setting Loaded [VolumeMusic = 1]
[29/03/2026 12:16:06] Setting Loaded [VolumeSfx = 1]
[29/03/2026 12:16:06] Setting Loaded [VolumeAmbience = 1]
[29/03/2026 12:16:06] Setting Loaded [Blood = 0]
[29/03/2026 12:16:06] Setting Loaded [BloodAmount = 1]
[29/03/2026 12:16:06] Setting Loaded [HudAlpha = 1]
[29/03/2026 12:16:06] Setting Loaded [HudAlpha = 1]
[29/03/2026 12:16:06] Setting Loaded [DisplayMode = 2]
[29/03/2026 12:16:06] Setting Loaded [Vsync = 1]
[29/03/2026 12:16:06] Setting Loaded [TargetFramerate = 2]
[29/03/2026 12:16:06] Loading [Save.sav] (cardsDiscovered)...
[29/03/2026 12:16:06] Loading Done! (0ms)
[29/03/2026 12:16:06] Loading [Save.sav] (charmsDiscovered)...
[29/03/2026 12:16:06] Loading Done! (0ms)
[29/03/2026 12:16:06] [General (WorldSpaceCanvasFitScreenSystem)] UPDATING ~World Space~ CANVAS SIZE
[29/03/2026 12:16:06] New Size: (3840, 2160) Aspect: 1.777778
[29/03/2026 12:16:06] UI Safe Area: (x:0.00, y:0.00, width:3840.00, height:2160.00)
[29/03/2026 12:16:06] Loading [Save.sav] (frameLevels)...
[29/03/2026 12:16:06] Loading Done! (0ms)
[29/03/2026 12:16:06] Loading [Save.sav] (newFrameLevels)...
[29/03/2026 12:16:06] Loading Done! (0ms)
[29/03/2026 12:16:06] Setting Loaded [SpecialCardFrames = 1]
[29/03/2026 12:16:06] Group [ChallengeData] loaded! (54 items)
[29/03/2026 12:16:06] Loading [Save.sav] (completedChallenges)...
[29/03/2026 12:16:06] Loading Done! (0ms)
[29/03/2026 12:16:06] Loading [Save.sav] (completedChallenges)...
[29/03/2026 12:16:06] Loading Done! (0ms)
[29/03/2026 12:16:06] "Saving" Loaded
[29/03/2026 12:16:06] "Input" Loaded
[29/03/2026 12:16:06] "Systems" Loaded
[29/03/2026 12:16:06] "PauseScreen" Loaded
[29/03/2026 12:16:07] CardManager Loading Card Icon Prefabs
[29/03/2026 12:16:07] 31 icons loaded
[29/03/2026 12:16:10] Group [BattleData] loaded! (30 items)
[29/03/2026 12:16:10] Group [BossRewardData] loaded! (0 items)
[29/03/2026 12:16:10] Group [CampaignNodeType] loaded! (32 items)
[29/03/2026 12:16:10] Group [CardData] loaded! (382 items)
[29/03/2026 12:16:10] Group [CardUpgradeData] loaded! (84 items)
[29/03/2026 12:16:10] Group [ChallengeListener] loaded! (0 items)
[29/03/2026 12:16:10] Group [ClassData] loaded! (4 items)
[29/03/2026 12:16:10] Group [EyeData] loaded! (68 items)
[29/03/2026 12:16:11] Group [GameMode] loaded! (6 items)
[29/03/2026 12:16:11] Group [GameModifierData] loaded! (59 items)
[29/03/2026 12:16:11] Group [KeywordData] loaded! (67 items)
[29/03/2026 12:16:11] Group [StatusEffectData] loaded! (598 items)
[29/03/2026 12:16:11] Group [BuildingPlotType] loaded! (0 items)
[29/03/2026 12:16:11] Group [BuildingType] loaded! (0 items)
[29/03/2026 12:16:11] Group [TraitData] loaded! (31 items)
[29/03/2026 12:16:11] Group [UnlockData] loaded! (67 items)
[29/03/2026 12:16:11] Ordering mod assemblies
[29/03/2026 12:16:11] [HARMONY] [Info] ### Harmony id=accessibility.wildfrost.screenreader, version=2.5.2.0, location=C:\Program Files (x86)\Steam\steamapps\common\Wildfrost\Modded\Wildfrost_Data\Managed\0Harmony.dll, env/clr=4.0.30319.42000, platform=Win32NT
### Started from static void HarmonyLib.Tools.Logger::Log(HarmonyLib.Tools.Logger+LogChannel channel, System.Func<string> message, bool forcePropagation), location C:\Program Files (x86)\Steam\steamapps\common\Wildfrost\Modded\Wildfrost_Data\Managed\0Harmony.dll
### At 2026-03-29 12.16.11

[29/03/2026 12:16:11] [HARMONY] [Info] ### Harmony id=accessibility.wildfrost.screenreader, version=2.5.2.0, location=C:\Program Files (x86)\Steam\steamapps\common\Wildfrost\Modded\Wildfrost_Data\Managed\0Harmony.dll, env/clr=4.0.30319.42000, platform=Win32NT
### Started from static void HarmonyLib.Tools.Logger::Log(HarmonyLib.Tools.Logger+LogChannel channel, System.Func<string> message, bool forcePropagation), location C:\Program Files (x86)\Steam\steamapps\common\Wildfrost\Modded\Wildfrost_Data\Managed\0Harmony.dll
### At 2026-03-29 12.16.11

[29/03/2026 12:16:11] Properly loaded mod and added instance WildfrostAccessibility, Version=1.0.0.0, Culture=neutral, PublicKeyToken=null
[29/03/2026 12:16:11] Loading [Save.sav] (lastSavedMods)...
[29/03/2026 12:16:11] Loading Done! (7ms)
[29/03/2026 12:16:11] [WildfrostAccessibility] Load() started
[29/03/2026 12:16:11] [WildfrostAccessibility] base.Load() completed
[29/03/2026 12:16:11] [WildfrostAccessibility] Setting DLL directory: C:\Program Files (x86)\Steam\steamapps\common\Wildfrost\Modded
[29/03/2026 12:16:11] [WildfrostAccessibility] Calling Tolk_Load()...
[29/03/2026 12:16:11] [WildfrostAccessibility] Tolk_Load() completed
[29/03/2026 12:16:11] [WildfrostAccessibility] Tolk_HasSpeech: True
[29/03/2026 12:16:11] [WildfrostAccessibility] ScreenReader initialized
[29/03/2026 12:16:11] [WildfrostAccessibility] All systems initialized, attempting speech
[29/03/2026 12:16:11] [accessibility.wildfrost.screenreader] Wildfrost Accessibility mod loaded.
[29/03/2026 12:16:11] Saving [Save.sav] (lastSavedMods)...
[29/03/2026 12:16:11] Saving Done! (8ms)
[29/03/2026 12:16:11] Setting Loaded [TransitionType = 0]
[29/03/2026 12:16:11] SceneManager → Loading Scene "MainMenu"
[29/03/2026 12:16:11] Loading [Save.sav] (townNew)...
[29/03/2026 12:16:11] Loading Done! (1ms)
[29/03/2026 12:16:11] ~ ASSET PRELOADER: 3 group(s) to load
[29/03/2026 12:16:11] ~ ASSET PRELOADER: Loading Group [CardData]
[29/03/2026 12:16:11] ~ ASSET PRELOADER: Group [CardData] Loaded! (0ms)
[29/03/2026 12:16:11] ~ ASSET PRELOADER: Loading Group [CampaignNodeType]
[29/03/2026 12:16:11] ~ ASSET PRELOADER: Group [CampaignNodeType] Loaded! (0ms)
[29/03/2026 12:16:11] ~ ASSET PRELOADER: Loading Group [GameModifierData]
[29/03/2026 12:16:11] ~ ASSET PRELOADER: Group [GameModifierData] Loaded! (0ms)
[29/03/2026 12:16:11] ~ ASSET PRELOADER: Finished
[29/03/2026 12:16:11] "MainMenu" Loaded
[29/03/2026 12:16:11] Loading [Save.sav] (version)...
[29/03/2026 12:16:11] Loading Done! (0ms)
[29/03/2026 12:16:11] [General (WorldSpaceCanvasFitScreenSystem)] UPDATING ~World Space~ CANVAS SIZE
[29/03/2026 12:16:11] New Size: (3840, 2160) Aspect: 1.777778
[29/03/2026 12:16:11] UI Safe Area: (x:0.00, y:0.00, width:3840.00, height:2160.00)
[29/03/2026 12:16:11] Loading [Save.sav] (version)...
[29/03/2026 12:16:11] Loading Done! (1ms)
[29/03/2026 12:16:11] Loading [Save.sav] (progress)...
[29/03/2026 12:16:11] Loading Done! (0ms)
[29/03/2026 12:16:20] >>>> GAME END <<<<
